<?xml version="1.0" encoding="UTF-8" ?>
<testsuites name="vitest tests" tests="1" failures="1" errors="0" time="10.462">
    <testsuite name="tests/api/admin.users.route.test.ts" timestamp="2025-09-05T03:16:42.703Z" hostname="LAPTOP-4MJ5QFPV" tests="1" failures="1" errors="0" skipped="0" time="0">
        <testcase classname="tests/api/admin.users.route.test.ts" name="tests/api/admin.users.route.test.ts" time="0">
            <failure message="window is not defined" type="ReferenceError">
ReferenceError: window is not defined
 ❯ tests/setup/ui.setup.ts:6:23
            </failure>
        </testcase>
    </testsuite>
</testsuites>
